<?xml version="1.0" encoding="UTF-8"?>
<testng-results ignored="0" total="1" passed="1" failed="0" skipped="0">
  <reporter-output>
  </reporter-output>
  <suite started-at="2023-08-24T16:00:54 IST" name="PMAGY_Project" finished-at="2023-08-24T16:01:12 IST" duration-ms="18212">
    <groups>
    </groups>
    <test started-at="2023-08-24T16:00:54 IST" name="LoginTest" finished-at="2023-08-24T16:01:12 IST" duration-ms="18212">
      <class name="com.pmagy.testCases.LoginTest">
        <test-method is-config="true" signature="setUp()[pri:0, instance:com.pmagy.testCases.LoginTest@4d910fd6]" started-at="2023-08-24T16:00:51 IST" name="setUp" finished-at="2023-08-24T16:00:54 IST" duration-ms="2650" status="PASS">
          <reporter-output>
          </reporter-output>
        </test-method> <!-- setUp -->
        <test-method signature="Test()[pri:0, instance:com.pmagy.testCases.LoginTest@4d910fd6]" started-at="2023-08-24T16:00:54 IST" name="Test" finished-at="2023-08-24T16:01:12 IST" duration-ms="18187" status="PASS">
          <reporter-output>
          </reporter-output>
        </test-method> <!-- Test -->
        <test-method is-config="true" signature="tearDown()[pri:0, instance:com.pmagy.testCases.LoginTest@4d910fd6]" started-at="2023-08-24T16:01:12 IST" name="tearDown" finished-at="2023-08-24T16:01:12 IST" duration-ms="208" status="PASS">
          <reporter-output>
          </reporter-output>
        </test-method> <!-- tearDown -->
      </class> <!-- com.pmagy.testCases.LoginTest -->
    </test> <!-- LoginTest -->
  </suite> <!-- PMAGY_Project -->
</testng-results>
